<?xml version="1.0" encoding="UTF-8" standalone="yes" ?>
<test-results name="D:\Mega\MegaConexao2\Testes\Win32\Debug\TesteMegaConexao.exe" total="4" errors="0" failures="0" ignored="0" inconclusive="0" not-run="0" skipped="0" invalid="0" date="2022-03-02" time="15.793">
  <culture-info current-culture="en" current-uiculture="en" />
  <test-suite type="Assembly" name="TesteMegaConexao.exe" executed="true" result="Success" success="True" time="15.793" asserts="0">
    <results>
        <test-suite type="Namespace" name="TesteCriadorDePasta" executed="true" result="Success" success="True" time="0.001" asserts="0" >
          <results>
              <test-suite type="Fixture" name="TesteMegaConexao" executed="True" result="Success" success="True" time="0.001" >
                <results>
                  <test-case name="TesteNomePasta" executed="True" result="Success" success="True" time="0.000" asserts="0" />
                  <test-case name="TesteCriarPasta" executed="True" result="Success" success="True" time="0.001" asserts="0" />
                </results>
              </test-suite>
          </results>
        </test-suite>
        <test-suite type="Namespace" name="TesteLogger" executed="true" result="Success" success="True" time="0.002" asserts="0" >
          <results>
              <test-suite type="Fixture" name="TTesteLogger" executed="True" result="Success" success="True" time="0.002" >
                <results>
                  <test-case name="TesteGravarTexto" executed="True" result="Success" success="True" time="0.002" asserts="0" />
                </results>
              </test-suite>
          </results>
        </test-suite>
        <test-suite type="Namespace" name="TesteQuery" executed="true" result="Success" success="True" time="15.790" asserts="0" >
          <results>
              <test-suite type="Fixture" name="TTesteQuery" executed="True" result="Success" success="True" time="15.790" >
                <results>
                  <test-case name="TestSQLSucess" executed="True" result="Success" success="True" time="9.244" asserts="0" />
                </results>
              </test-suite>
          </results>
        </test-suite>
    </results>
  </test-suite>
</test-results>
