<?xml version="1.0" encoding="UTF-8" standalone="yes" ?>
<test-results name="D:\Mega\MegaConexao2\Testes\Win32\Debug\TesteMegaConexao.exe" total="26" errors="0" failures="0" ignored="0" inconclusive="0" not-run="0" skipped="0" invalid="0" date="2022-03-04" time="0.026">
  <culture-info current-culture="en" current-uiculture="en" />
  <test-suite type="Assembly" name="TesteMegaConexao.exe" executed="true" result="Success" success="True" time="0.026" asserts="0">
    <results>
        <test-suite type="Namespace" name="TesteQuery" executed="true" result="Success" success="True" time="0.021" asserts="0" >
          <results>
              <test-suite type="Fixture" name="TTesteQuery" executed="True" result="Success" success="True" time="0.021" >
                <results>
                  <test-case name="TestSQLSucess" executed="True" result="Success" success="True" time="0.000" asserts="0" />
                  <test-case name="TestSQLFailed" executed="True" result="Success" success="True" time="0.000" asserts="0" />
                  <test-case name="TestSQLBuilderInsertSucess" executed="True" result="Success" success="True" time="0.001" asserts="0" />
                  <test-case name="TestSQLBuilderInsertFailed" executed="True" result="Success" success="True" time="0.006" asserts="0" />
                  <test-case name="TestSQLBuilderUpdateSucess" executed="True" result="Success" success="True" time="0.000" asserts="0" />
                  <test-case name="TestSQLBuilderUpdateFailed" executed="True" result="Success" success="True" time="0.000" asserts="0" />
                  <test-case name="TestSQLBuilderDeleteSucess" executed="True" result="Success" success="True" time="0.001" asserts="0" />
                  <test-case name="TestSQLBuilderDeleteFailed" executed="True" result="Success" success="True" time="0.001" asserts="0" />
                </results>
              </test-suite>
          </results>
        </test-suite>
        <test-suite type="Namespace" name="TesteLogger" executed="true" result="Success" success="True" time="0.002" asserts="0" >
          <results>
              <test-suite type="Fixture" name="TTesteLogger" executed="True" result="Success" success="True" time="0.002" >
                <results>
                  <test-case name="TesteGravarTexto" executed="True" result="Success" success="True" time="0.001" asserts="0" />
                </results>
              </test-suite>
          </results>
        </test-suite>
        <test-suite type="Namespace" name="TesteCriadorDePasta" executed="true" result="Success" success="True" time="0.001" asserts="0" >
          <results>
              <test-suite type="Fixture" name="TesteMegaConexao" executed="True" result="Success" success="True" time="0.001" >
                <results>
                  <test-case name="TesteNomePasta" executed="True" result="Success" success="True" time="0.000" asserts="0" />
                  <test-case name="TesteCriarPasta" executed="True" result="Success" success="True" time="0.000" asserts="0" />
                </results>
              </test-suite>
          </results>
        </test-suite>
        <test-suite type="Namespace" name="TesteSQLBuiderDelete" executed="true" result="Success" success="True" time="0.000" asserts="0" >
          <results>
              <test-suite type="Fixture" name="TesteSQLBuilderDelete" executed="True" result="Success" success="True" time="0.000" >
                <results>
                  <test-case name="TesteCriterio" executed="True" result="Success" success="True" time="0.000" asserts="0" />
                  <test-case name="TesteTabela" executed="True" result="Success" success="True" time="0.000" asserts="0" />
                </results>
              </test-suite>
          </results>
        </test-suite>
        <test-suite type="Namespace" name="TesteSQLBuiderUpdate" executed="true" result="Success" success="True" time="0.000" asserts="0" >
          <results>
              <test-suite type="Fixture" name="TesteSQLBuilderUpdate" executed="True" result="Success" success="True" time="0.000" >
                <results>
                  <test-case name="TesteCriterio" executed="True" result="Success" success="True" time="0.000" asserts="0" />
                  <test-case name="TesteTabela" executed="True" result="Success" success="True" time="0.000" asserts="0" />
                </results>
              </test-suite>
          </results>
        </test-suite>
        <test-suite type="Namespace" name="TesteSQLBuiderInsert" executed="true" result="Success" success="True" time="0.001" asserts="0" >
          <results>
              <test-suite type="Fixture" name="TTesteSQLBuiderInsert" executed="True" result="Success" success="True" time="0.001" >
                <results>
                  <test-case name="TesteAdicionaSemQuoted" executed="True" result="Success" success="True" time="0.000" asserts="0" />
                  <test-case name="TesteAdicionaComQuoted" executed="True" result="Success" success="True" time="0.000" asserts="0" />
                  <test-case name="TesteAddStringComTamanho" executed="True" result="Success" success="True" time="0.000" asserts="0" />
                  <test-case name="TesteAddStringSemTamanho" executed="True" result="Success" success="True" time="0.000" asserts="0" />
                  <test-case name="TesteAddComAdicionarParametro" executed="True" result="Success" success="True" time="0.000" asserts="0" />
                  <test-case name="TesteAddSemAdicionarParametro" executed="True" result="Success" success="True" time="0.000" asserts="0" />
                  <test-case name="TesteAddBooleanTrue" executed="True" result="Success" success="True" time="0.000" asserts="0" />
                  <test-case name="TesteAddBooleanFalse" executed="True" result="Success" success="True" time="0.000" asserts="0" />
                  <test-case name="TesteAddNull" executed="True" result="Success" success="True" time="0.000" asserts="0" />
                  <test-case name="TesteCriterio" executed="True" result="Success" success="True" time="0.000" asserts="0" />
                  <test-case name="TesteTabela" executed="True" result="Success" success="True" time="0.000" asserts="0" />
                </results>
              </test-suite>
          </results>
        </test-suite>
    </results>
  </test-suite>
</test-results>
